TN:
SF:/Users/sido/IdeaProjects/molgenis-client-js-api/src/molgenis-api-client.js
FN:14,isJsonResponse
FN:44,handleResponse
FN:46,(anonymous_3)
FN:52,mergeOptions
FN:71,get
FN:73,(anonymous_6)
FN:96,post
FN:98,(anonymous_8)
FN:121,put
FN:123,(anonymous_10)
FN:137,delete_
FN:139,(anonymous_12)
FN:156,postFile
FN:166,(anonymous_14)
FNF:14
FNH:14
FNDA:14,isJsonResponse
FNDA:14,handleResponse
FNDA:9,(anonymous_3)
FNDA:13,mergeOptions
FNDA:6,get
FNDA:4,(anonymous_6)
FNDA:3,post
FNDA:1,(anonymous_8)
FNDA:2,put
FNDA:1,(anonymous_10)
FNDA:2,delete_
FNDA:1,(anonymous_12)
FNDA:1,postFile
FNDA:1,(anonymous_14)
DA:1,1
DA:2,1
DA:3,1
DA:5,1
DA:14,1
DA:15,14
DA:16,14
DA:17,4
DA:20,10
DA:21,10
DA:44,1
DA:45,14
DA:46,9
DA:48,5
DA:52,1
DA:53,13
DA:71,1
DA:72,6
DA:73,6
DA:96,1
DA:97,3
DA:98,3
DA:121,1
DA:122,2
DA:123,2
DA:137,1
DA:138,2
DA:139,2
DA:156,1
DA:157,1
DA:158,1
DA:160,1
DA:166,1
LF:33
LH:33
BRDA:16,0,0,4
BRDA:16,0,1,10
BRDA:21,1,0,10
BRDA:21,1,1,3
BRDA:45,2,0,9
BRDA:45,2,1,5
BRDA:46,3,0,4
BRDA:46,3,1,5
BRDA:48,4,0,4
BRDA:48,4,1,1
BRF:10
BRH:10
end_of_record
